INFO - 2022-05-23 12:52:27 --> Session: Class initialized using 'CodeIgniter\Session\Handlers\FileHandler' driver.
INFO - 2022-05-23 12:52:28 --> CSRF cookie sent.
INFO - 2022-05-23 12:52:32 --> Session: Class initialized using 'CodeIgniter\Session\Handlers\FileHandler' driver.
INFO - 2022-05-23 12:52:32 --> Session: Class initialized using 'CodeIgniter\Session\Handlers\FileHandler' driver.
INFO - 2022-05-23 12:52:33 --> Session: Class initialized using 'CodeIgniter\Session\Handlers\FileHandler' driver.
INFO - 2022-05-23 12:52:41 --> Session: Class initialized using 'CodeIgniter\Session\Handlers\FileHandler' driver.
INFO - 2022-05-23 12:52:42 --> Session: Class initialized using 'CodeIgniter\Session\Handlers\FileHandler' driver.
CRITICAL - 2022-05-23 12:52:42 --> Too few arguments to function App\Models\EquipmentsModel::searchequipment(), 10 passed in C:\xampp\htdocs\ProjectCongNghePhanMem\app\Controllers\Equipment.php on line 60 and exactly 11 expected
#0 C:\xampp\htdocs\ProjectCongNghePhanMem\app\Controllers\Equipment.php(60): App\Models\EquipmentsModel->searchequipment('', '', '', '', '', '', '', '', '', '')
#1 C:\xampp\htdocs\ProjectCongNghePhanMem\vendor\codeigniter4\framework\system\CodeIgniter.php(824): App\Controllers\Equipment->searchequipment()
#2 C:\xampp\htdocs\ProjectCongNghePhanMem\vendor\codeigniter4\framework\system\CodeIgniter.php(410): CodeIgniter\CodeIgniter->runController(Object(App\Controllers\Equipment))
#3 C:\xampp\htdocs\ProjectCongNghePhanMem\vendor\codeigniter4\framework\system\CodeIgniter.php(318): CodeIgniter\CodeIgniter->handleRequest(NULL, Object(Config\Cache), false)
#4 C:\xampp\htdocs\ProjectCongNghePhanMem\public\index.php(37): CodeIgniter\CodeIgniter->run()
#5 {main}
INFO - 2022-05-23 12:55:59 --> Session: Class initialized using 'CodeIgniter\Session\Handlers\FileHandler' driver.
ERROR - 2022-05-23 12:55:59 --> Unknown column 'manufacture' in 'field list'
CRITICAL - 2022-05-23 12:55:59 --> Call to a member function getResultArray() on bool
#0 C:\xampp\htdocs\ProjectCongNghePhanMem\app\Controllers\Equipment.php(60): App\Models\EquipmentsModel->searchequipment(NULL, NULL, NULL, NULL, NULL, NULL, NULL, NULL, NULL, NULL, NULL, NULL)
#1 C:\xampp\htdocs\ProjectCongNghePhanMem\vendor\codeigniter4\framework\system\CodeIgniter.php(824): App\Controllers\Equipment->searchequipment()
#2 C:\xampp\htdocs\ProjectCongNghePhanMem\vendor\codeigniter4\framework\system\CodeIgniter.php(410): CodeIgniter\CodeIgniter->runController(Object(App\Controllers\Equipment))
#3 C:\xampp\htdocs\ProjectCongNghePhanMem\vendor\codeigniter4\framework\system\CodeIgniter.php(318): CodeIgniter\CodeIgniter->handleRequest(NULL, Object(Config\Cache), false)
#4 C:\xampp\htdocs\ProjectCongNghePhanMem\public\index.php(37): CodeIgniter\CodeIgniter->run()
#5 {main}
INFO - 2022-05-23 13:04:24 --> Session: Class initialized using 'CodeIgniter\Session\Handlers\FileHandler' driver.
ERROR - 2022-05-23 13:04:24 --> Unknown column 'manufacture' in 'field list'
CRITICAL - 2022-05-23 13:04:24 --> Call to a member function getResultArray() on bool
#0 C:\xampp\htdocs\ProjectCongNghePhanMem\app\Controllers\Equipment.php(60): App\Models\EquipmentsModel->searchequipment(NULL, NULL, NULL, NULL, NULL, NULL, NULL, NULL, NULL, NULL, NULL, NULL)
#1 C:\xampp\htdocs\ProjectCongNghePhanMem\vendor\codeigniter4\framework\system\CodeIgniter.php(824): App\Controllers\Equipment->searchequipment()
#2 C:\xampp\htdocs\ProjectCongNghePhanMem\vendor\codeigniter4\framework\system\CodeIgniter.php(410): CodeIgniter\CodeIgniter->runController(Object(App\Controllers\Equipment))
#3 C:\xampp\htdocs\ProjectCongNghePhanMem\vendor\codeigniter4\framework\system\CodeIgniter.php(318): CodeIgniter\CodeIgniter->handleRequest(NULL, Object(Config\Cache), false)
#4 C:\xampp\htdocs\ProjectCongNghePhanMem\public\index.php(37): CodeIgniter\CodeIgniter->run()
#5 {main}
INFO - 2022-05-23 13:04:26 --> Session: Class initialized using 'CodeIgniter\Session\Handlers\FileHandler' driver.
INFO - 2022-05-23 13:04:26 --> Session: Class initialized using 'CodeIgniter\Session\Handlers\FileHandler' driver.
CRITICAL - 2022-05-23 13:04:26 --> Argument 2 passed to CodeIgniter\Database\BaseBuilder::limit() must be of the type int or null, string given, called in C:\xampp\htdocs\ProjectCongNghePhanMem\app\Models\EquipmentsModel.php on line 96
#0 C:\xampp\htdocs\ProjectCongNghePhanMem\app\Models\EquipmentsModel.php(96): CodeIgniter\Database\BaseBuilder->limit(0, '')
#1 C:\xampp\htdocs\ProjectCongNghePhanMem\app\Controllers\Equipment.php(60): App\Models\EquipmentsModel->searchequipment('', '', '', '', '', '', '', '', '', '', '0', '10')
#2 C:\xampp\htdocs\ProjectCongNghePhanMem\vendor\codeigniter4\framework\system\CodeIgniter.php(824): App\Controllers\Equipment->searchequipment()
#3 C:\xampp\htdocs\ProjectCongNghePhanMem\vendor\codeigniter4\framework\system\CodeIgniter.php(410): CodeIgniter\CodeIgniter->runController(Object(App\Controllers\Equipment))
#4 C:\xampp\htdocs\ProjectCongNghePhanMem\vendor\codeigniter4\framework\system\CodeIgniter.php(318): CodeIgniter\CodeIgniter->handleRequest(NULL, Object(Config\Cache), false)
#5 C:\xampp\htdocs\ProjectCongNghePhanMem\public\index.php(37): CodeIgniter\CodeIgniter->run()
#6 {main}
INFO - 2022-05-23 13:04:29 --> Session: Class initialized using 'CodeIgniter\Session\Handlers\FileHandler' driver.
INFO - 2022-05-23 13:04:29 --> Session: Class initialized using 'CodeIgniter\Session\Handlers\FileHandler' driver.
CRITICAL - 2022-05-23 13:04:30 --> Argument 2 passed to CodeIgniter\Database\BaseBuilder::limit() must be of the type int or null, string given, called in C:\xampp\htdocs\ProjectCongNghePhanMem\app\Models\EquipmentsModel.php on line 96
#0 C:\xampp\htdocs\ProjectCongNghePhanMem\app\Models\EquipmentsModel.php(96): CodeIgniter\Database\BaseBuilder->limit(0, '')
#1 C:\xampp\htdocs\ProjectCongNghePhanMem\app\Controllers\Equipment.php(60): App\Models\EquipmentsModel->searchequipment('', '', '', '', '', '', '', '', '', '', '0', '10')
#2 C:\xampp\htdocs\ProjectCongNghePhanMem\vendor\codeigniter4\framework\system\CodeIgniter.php(824): App\Controllers\Equipment->searchequipment()
#3 C:\xampp\htdocs\ProjectCongNghePhanMem\vendor\codeigniter4\framework\system\CodeIgniter.php(410): CodeIgniter\CodeIgniter->runController(Object(App\Controllers\Equipment))
#4 C:\xampp\htdocs\ProjectCongNghePhanMem\vendor\codeigniter4\framework\system\CodeIgniter.php(318): CodeIgniter\CodeIgniter->handleRequest(NULL, Object(Config\Cache), false)
#5 C:\xampp\htdocs\ProjectCongNghePhanMem\public\index.php(37): CodeIgniter\CodeIgniter->run()
#6 {main}
INFO - 2022-05-23 13:05:24 --> Session: Class initialized using 'CodeIgniter\Session\Handlers\FileHandler' driver.
INFO - 2022-05-23 13:05:24 --> Session: Class initialized using 'CodeIgniter\Session\Handlers\FileHandler' driver.
INFO - 2022-05-23 13:05:31 --> Session: Class initialized using 'CodeIgniter\Session\Handlers\FileHandler' driver.
INFO - 2022-05-23 13:05:38 --> Session: Class initialized using 'CodeIgniter\Session\Handlers\FileHandler' driver.
INFO - 2022-05-23 13:05:38 --> Session: Class initialized using 'CodeIgniter\Session\Handlers\FileHandler' driver.
INFO - 2022-05-23 13:05:44 --> Session: Class initialized using 'CodeIgniter\Session\Handlers\FileHandler' driver.
INFO - 2022-05-23 13:05:44 --> Session: Class initialized using 'CodeIgniter\Session\Handlers\FileHandler' driver.
CRITICAL - 2022-05-23 13:05:44 --> Argument 2 passed to CodeIgniter\Database\BaseBuilder::limit() must be of the type int or null, string given, called in C:\xampp\htdocs\ProjectCongNghePhanMem\app\Models\EquipmentsModel.php on line 96
#0 C:\xampp\htdocs\ProjectCongNghePhanMem\app\Models\EquipmentsModel.php(96): CodeIgniter\Database\BaseBuilder->limit(0, '')
#1 C:\xampp\htdocs\ProjectCongNghePhanMem\app\Controllers\Equipment.php(60): App\Models\EquipmentsModel->searchequipment('', '', '', '', '', '', '', '', '', '', '0', '10')
#2 C:\xampp\htdocs\ProjectCongNghePhanMem\vendor\codeigniter4\framework\system\CodeIgniter.php(824): App\Controllers\Equipment->searchequipment()
#3 C:\xampp\htdocs\ProjectCongNghePhanMem\vendor\codeigniter4\framework\system\CodeIgniter.php(410): CodeIgniter\CodeIgniter->runController(Object(App\Controllers\Equipment))
#4 C:\xampp\htdocs\ProjectCongNghePhanMem\vendor\codeigniter4\framework\system\CodeIgniter.php(318): CodeIgniter\CodeIgniter->handleRequest(NULL, Object(Config\Cache), false)
#5 C:\xampp\htdocs\ProjectCongNghePhanMem\public\index.php(37): CodeIgniter\CodeIgniter->run()
#6 {main}
INFO - 2022-05-23 13:05:53 --> Session: Class initialized using 'CodeIgniter\Session\Handlers\FileHandler' driver.
ERROR - 2022-05-23 13:05:53 --> Unknown column 'manufacture' in 'field list'
CRITICAL - 2022-05-23 13:05:53 --> Call to a member function getResultArray() on bool
#0 C:\xampp\htdocs\ProjectCongNghePhanMem\app\Controllers\Equipment.php(60): App\Models\EquipmentsModel->searchequipment(NULL, NULL, NULL, NULL, NULL, NULL, NULL, NULL, NULL, NULL, NULL, NULL)
#1 C:\xampp\htdocs\ProjectCongNghePhanMem\vendor\codeigniter4\framework\system\CodeIgniter.php(824): App\Controllers\Equipment->searchequipment()
#2 C:\xampp\htdocs\ProjectCongNghePhanMem\vendor\codeigniter4\framework\system\CodeIgniter.php(410): CodeIgniter\CodeIgniter->runController(Object(App\Controllers\Equipment))
#3 C:\xampp\htdocs\ProjectCongNghePhanMem\vendor\codeigniter4\framework\system\CodeIgniter.php(318): CodeIgniter\CodeIgniter->handleRequest(NULL, Object(Config\Cache), false)
#4 C:\xampp\htdocs\ProjectCongNghePhanMem\public\index.php(37): CodeIgniter\CodeIgniter->run()
#5 {main}
INFO - 2022-05-23 13:07:08 --> Session: Class initialized using 'CodeIgniter\Session\Handlers\FileHandler' driver.
ERROR - 2022-05-23 13:07:08 --> Unknown column 'manufacture' in 'field list'
CRITICAL - 2022-05-23 13:07:08 --> Call to a member function getResultArray() on bool
#0 C:\xampp\htdocs\ProjectCongNghePhanMem\app\Controllers\Equipment.php(60): App\Models\EquipmentsModel->searchequipment(NULL, NULL, NULL, NULL, NULL, NULL, NULL, NULL, NULL, NULL, NULL, NULL)
#1 C:\xampp\htdocs\ProjectCongNghePhanMem\vendor\codeigniter4\framework\system\CodeIgniter.php(824): App\Controllers\Equipment->searchequipment()
#2 C:\xampp\htdocs\ProjectCongNghePhanMem\vendor\codeigniter4\framework\system\CodeIgniter.php(410): CodeIgniter\CodeIgniter->runController(Object(App\Controllers\Equipment))
#3 C:\xampp\htdocs\ProjectCongNghePhanMem\vendor\codeigniter4\framework\system\CodeIgniter.php(318): CodeIgniter\CodeIgniter->handleRequest(NULL, Object(Config\Cache), false)
#4 C:\xampp\htdocs\ProjectCongNghePhanMem\public\index.php(37): CodeIgniter\CodeIgniter->run()
#5 {main}
INFO - 2022-05-23 13:08:44 --> Session: Class initialized using 'CodeIgniter\Session\Handlers\FileHandler' driver.
ERROR - 2022-05-23 13:08:44 --> Unknown column 'manufacture' in 'field list'
CRITICAL - 2022-05-23 13:08:44 --> Call to a member function getResultArray() on bool
#0 C:\xampp\htdocs\ProjectCongNghePhanMem\app\Controllers\Equipment.php(60): App\Models\EquipmentsModel->searchequipment(NULL, NULL, NULL, NULL, NULL, NULL, NULL, NULL, NULL, NULL, NULL, NULL)
#1 C:\xampp\htdocs\ProjectCongNghePhanMem\vendor\codeigniter4\framework\system\CodeIgniter.php(824): App\Controllers\Equipment->searchequipment()
#2 C:\xampp\htdocs\ProjectCongNghePhanMem\vendor\codeigniter4\framework\system\CodeIgniter.php(410): CodeIgniter\CodeIgniter->runController(Object(App\Controllers\Equipment))
#3 C:\xampp\htdocs\ProjectCongNghePhanMem\vendor\codeigniter4\framework\system\CodeIgniter.php(318): CodeIgniter\CodeIgniter->handleRequest(NULL, Object(Config\Cache), false)
#4 C:\xampp\htdocs\ProjectCongNghePhanMem\public\index.php(37): CodeIgniter\CodeIgniter->run()
#5 {main}
INFO - 2022-05-23 13:08:55 --> Session: Class initialized using 'CodeIgniter\Session\Handlers\FileHandler' driver.
ERROR - 2022-05-23 13:08:55 --> Unknown column 'manufacture' in 'field list'
CRITICAL - 2022-05-23 13:08:55 --> Call to a member function getResultArray() on bool
#0 C:\xampp\htdocs\ProjectCongNghePhanMem\app\Controllers\Equipment.php(61): App\Models\EquipmentsModel->searchequipment(NULL, NULL, NULL, NULL, NULL, NULL, NULL, NULL, NULL, NULL, NULL, NULL)
#1 C:\xampp\htdocs\ProjectCongNghePhanMem\vendor\codeigniter4\framework\system\CodeIgniter.php(824): App\Controllers\Equipment->searchequipment()
#2 C:\xampp\htdocs\ProjectCongNghePhanMem\vendor\codeigniter4\framework\system\CodeIgniter.php(410): CodeIgniter\CodeIgniter->runController(Object(App\Controllers\Equipment))
#3 C:\xampp\htdocs\ProjectCongNghePhanMem\vendor\codeigniter4\framework\system\CodeIgniter.php(318): CodeIgniter\CodeIgniter->handleRequest(NULL, Object(Config\Cache), false)
#4 C:\xampp\htdocs\ProjectCongNghePhanMem\public\index.php(37): CodeIgniter\CodeIgniter->run()
#5 {main}
INFO - 2022-05-23 13:11:28 --> Session: Class initialized using 'CodeIgniter\Session\Handlers\FileHandler' driver.
INFO - 2022-05-23 13:11:28 --> Session: Class initialized using 'CodeIgniter\Session\Handlers\FileHandler' driver.
ERROR - 2022-05-23 13:11:28 --> Unknown column 'manufacture' in 'field list'
CRITICAL - 2022-05-23 13:11:28 --> Call to a member function getResultArray() on bool
#0 C:\xampp\htdocs\ProjectCongNghePhanMem\app\Controllers\Equipment.php(61): App\Models\EquipmentsModel->searchequipment(NULL, NULL, NULL, NULL, NULL, NULL, NULL, NULL, NULL, NULL, NULL, NULL)
#1 C:\xampp\htdocs\ProjectCongNghePhanMem\vendor\codeigniter4\framework\system\CodeIgniter.php(824): App\Controllers\Equipment->searchequipment()
#2 C:\xampp\htdocs\ProjectCongNghePhanMem\vendor\codeigniter4\framework\system\CodeIgniter.php(410): CodeIgniter\CodeIgniter->runController(Object(App\Controllers\Equipment))
#3 C:\xampp\htdocs\ProjectCongNghePhanMem\vendor\codeigniter4\framework\system\CodeIgniter.php(318): CodeIgniter\CodeIgniter->handleRequest(NULL, Object(Config\Cache), false)
#4 C:\xampp\htdocs\ProjectCongNghePhanMem\public\index.php(37): CodeIgniter\CodeIgniter->run()
#5 {main}
INFO - 2022-05-23 13:11:33 --> Session: Class initialized using 'CodeIgniter\Session\Handlers\FileHandler' driver.
INFO - 2022-05-23 13:11:33 --> Session: Class initialized using 'CodeIgniter\Session\Handlers\FileHandler' driver.
ERROR - 2022-05-23 13:11:33 --> Unknown column 'manufacture' in 'field list'
CRITICAL - 2022-05-23 13:11:33 --> Call to a member function getResultArray() on bool
#0 C:\xampp\htdocs\ProjectCongNghePhanMem\app\Controllers\Equipment.php(61): App\Models\EquipmentsModel->searchequipment(NULL, NULL, NULL, NULL, NULL, NULL, NULL, NULL, NULL, NULL, NULL, NULL)
#1 C:\xampp\htdocs\ProjectCongNghePhanMem\vendor\codeigniter4\framework\system\CodeIgniter.php(824): App\Controllers\Equipment->searchequipment()
#2 C:\xampp\htdocs\ProjectCongNghePhanMem\vendor\codeigniter4\framework\system\CodeIgniter.php(410): CodeIgniter\CodeIgniter->runController(Object(App\Controllers\Equipment))
#3 C:\xampp\htdocs\ProjectCongNghePhanMem\vendor\codeigniter4\framework\system\CodeIgniter.php(318): CodeIgniter\CodeIgniter->handleRequest(NULL, Object(Config\Cache), false)
#4 C:\xampp\htdocs\ProjectCongNghePhanMem\public\index.php(37): CodeIgniter\CodeIgniter->run()
#5 {main}
INFO - 2022-05-23 13:27:03 --> Session: Class initialized using 'CodeIgniter\Session\Handlers\FileHandler' driver.
INFO - 2022-05-23 13:31:25 --> Session: Class initialized using 'CodeIgniter\Session\Handlers\FileHandler' driver.
INFO - 2022-05-23 13:31:26 --> Session: Class initialized using 'CodeIgniter\Session\Handlers\FileHandler' driver.
INFO - 2022-05-23 13:31:39 --> Session: Class initialized using 'CodeIgniter\Session\Handlers\FileHandler' driver.
ERROR - 2022-05-23 13:31:39 -->  Equipmentcontroler funtron registerEquipment Trying to get property 'id' of non-object
INFO - 2022-05-23 13:31:41 --> Session: Class initialized using 'CodeIgniter\Session\Handlers\FileHandler' driver.
INFO - 2022-05-23 13:31:41 --> Session: Class initialized using 'CodeIgniter\Session\Handlers\FileHandler' driver.
INFO - 2022-05-23 13:32:52 --> Session: Class initialized using 'CodeIgniter\Session\Handlers\FileHandler' driver.
ERROR - 2022-05-23 13:32:52 -->  Equipmentcontroler funtron editEquipment Trying to get property 'id' of non-object
INFO - 2022-05-23 13:32:54 --> Session: Class initialized using 'CodeIgniter\Session\Handlers\FileHandler' driver.
INFO - 2022-05-23 13:32:55 --> Session: Class initialized using 'CodeIgniter\Session\Handlers\FileHandler' driver.
INFO - 2022-05-23 13:36:00 --> Session: Class initialized using 'CodeIgniter\Session\Handlers\FileHandler' driver.
INFO - 2022-05-23 13:36:00 --> Session: Class initialized using 'CodeIgniter\Session\Handlers\FileHandler' driver.
INFO - 2022-05-23 13:36:31 --> Session: Class initialized using 'CodeIgniter\Session\Handlers\FileHandler' driver.
INFO - 2022-05-23 13:36:32 --> Session: Class initialized using 'CodeIgniter\Session\Handlers\FileHandler' driver.
INFO - 2022-05-23 13:36:49 --> Session: Class initialized using 'CodeIgniter\Session\Handlers\FileHandler' driver.
INFO - 2022-05-23 13:39:15 --> Session: Class initialized using 'CodeIgniter\Session\Handlers\FileHandler' driver.
INFO - 2022-05-23 13:39:17 --> Session: Class initialized using 'CodeIgniter\Session\Handlers\FileHandler' driver.
INFO - 2022-05-23 13:39:17 --> Session: Class initialized using 'CodeIgniter\Session\Handlers\FileHandler' driver.
INFO - 2022-05-23 13:39:18 --> Session: Class initialized using 'CodeIgniter\Session\Handlers\FileHandler' driver.
INFO - 2022-05-23 13:39:19 --> Session: Class initialized using 'CodeIgniter\Session\Handlers\FileHandler' driver.
INFO - 2022-05-23 13:39:35 --> Session: Class initialized using 'CodeIgniter\Session\Handlers\FileHandler' driver.
INFO - 2022-05-23 13:39:36 --> Session: Class initialized using 'CodeIgniter\Session\Handlers\FileHandler' driver.
INFO - 2022-05-23 13:40:05 --> Session: Class initialized using 'CodeIgniter\Session\Handlers\FileHandler' driver.
INFO - 2022-05-23 13:41:10 --> Session: Class initialized using 'CodeIgniter\Session\Handlers\FileHandler' driver.
INFO - 2022-05-23 13:41:14 --> Session: Class initialized using 'CodeIgniter\Session\Handlers\FileHandler' driver.
INFO - 2022-05-23 13:41:33 --> Session: Class initialized using 'CodeIgniter\Session\Handlers\FileHandler' driver.
INFO - 2022-05-23 13:42:00 --> Session: Class initialized using 'CodeIgniter\Session\Handlers\FileHandler' driver.
INFO - 2022-05-23 13:42:00 --> Session: Class initialized using 'CodeIgniter\Session\Handlers\FileHandler' driver.
INFO - 2022-05-23 13:42:27 --> Session: Class initialized using 'CodeIgniter\Session\Handlers\FileHandler' driver.
INFO - 2022-05-23 13:42:28 --> Session: Class initialized using 'CodeIgniter\Session\Handlers\FileHandler' driver.
INFO - 2022-05-23 13:43:26 --> Session: Class initialized using 'CodeIgniter\Session\Handlers\FileHandler' driver.
INFO - 2022-05-23 13:43:28 --> Session: Class initialized using 'CodeIgniter\Session\Handlers\FileHandler' driver.
INFO - 2022-05-23 13:43:29 --> Session: Class initialized using 'CodeIgniter\Session\Handlers\FileHandler' driver.
INFO - 2022-05-23 13:43:29 --> Session: Class initialized using 'CodeIgniter\Session\Handlers\FileHandler' driver.
INFO - 2022-05-23 13:45:11 --> Session: Class initialized using 'CodeIgniter\Session\Handlers\FileHandler' driver.
INFO - 2022-05-23 13:45:12 --> Session: Class initialized using 'CodeIgniter\Session\Handlers\FileHandler' driver.
INFO - 2022-05-23 13:48:53 --> Session: Class initialized using 'CodeIgniter\Session\Handlers\FileHandler' driver.
INFO - 2022-05-23 13:48:53 --> Session: Class initialized using 'CodeIgniter\Session\Handlers\FileHandler' driver.
INFO - 2022-05-23 13:49:39 --> Session: Class initialized using 'CodeIgniter\Session\Handlers\FileHandler' driver.
INFO - 2022-05-23 13:49:39 --> Session: Class initialized using 'CodeIgniter\Session\Handlers\FileHandler' driver.
INFO - 2022-05-23 13:55:32 --> Session: Class initialized using 'CodeIgniter\Session\Handlers\FileHandler' driver.
ERROR - 2022-05-23 13:55:32 -->  Equipmentcontroler funtron registerEquipment Trying to get property 'id' of non-object
INFO - 2022-05-23 13:55:50 --> Session: Class initialized using 'CodeIgniter\Session\Handlers\FileHandler' driver.
ERROR - 2022-05-23 13:55:50 -->  Equipmentcontroler funtron registerEquipment Trying to get property 'id' of non-object
INFO - 2022-05-23 13:55:53 --> Session: Class initialized using 'CodeIgniter\Session\Handlers\FileHandler' driver.
INFO - 2022-05-23 13:55:53 --> Session: Class initialized using 'CodeIgniter\Session\Handlers\FileHandler' driver.
INFO - 2022-05-23 13:55:58 --> Session: Class initialized using 'CodeIgniter\Session\Handlers\FileHandler' driver.
INFO - 2022-05-23 13:55:58 --> Session: Class initialized using 'CodeIgniter\Session\Handlers\FileHandler' driver.
INFO - 2022-05-23 13:55:58 --> Session: Class initialized using 'CodeIgniter\Session\Handlers\FileHandler' driver.
INFO - 2022-05-23 13:56:00 --> Session: Class initialized using 'CodeIgniter\Session\Handlers\FileHandler' driver.
INFO - 2022-05-23 13:56:00 --> Session: Class initialized using 'CodeIgniter\Session\Handlers\FileHandler' driver.
INFO - 2022-05-23 13:56:01 --> Session: Class initialized using 'CodeIgniter\Session\Handlers\FileHandler' driver.
INFO - 2022-05-23 13:56:10 --> Session: Class initialized using 'CodeIgniter\Session\Handlers\FileHandler' driver.
INFO - 2022-05-23 13:56:10 --> Session: Class initialized using 'CodeIgniter\Session\Handlers\FileHandler' driver.
INFO - 2022-05-23 13:56:13 --> Session: Class initialized using 'CodeIgniter\Session\Handlers\FileHandler' driver.
INFO - 2022-05-23 13:56:13 --> Session: Class initialized using 'CodeIgniter\Session\Handlers\FileHandler' driver.
INFO - 2022-05-23 13:56:16 --> Session: Class initialized using 'CodeIgniter\Session\Handlers\FileHandler' driver.
INFO - 2022-05-23 13:56:16 --> Session: Class initialized using 'CodeIgniter\Session\Handlers\FileHandler' driver.
INFO - 2022-05-23 13:56:17 --> Session: Class initialized using 'CodeIgniter\Session\Handlers\FileHandler' driver.
INFO - 2022-05-23 13:56:17 --> Session: Class initialized using 'CodeIgniter\Session\Handlers\FileHandler' driver.
INFO - 2022-05-23 13:56:18 --> Session: Class initialized using 'CodeIgniter\Session\Handlers\FileHandler' driver.
INFO - 2022-05-23 13:56:18 --> Session: Class initialized using 'CodeIgniter\Session\Handlers\FileHandler' driver.
INFO - 2022-05-23 13:56:19 --> Session: Class initialized using 'CodeIgniter\Session\Handlers\FileHandler' driver.
INFO - 2022-05-23 13:56:19 --> Session: Class initialized using 'CodeIgniter\Session\Handlers\FileHandler' driver.
INFO - 2022-05-23 13:56:20 --> Session: Class initialized using 'CodeIgniter\Session\Handlers\FileHandler' driver.
INFO - 2022-05-23 13:57:14 --> Session: Class initialized using 'CodeIgniter\Session\Handlers\FileHandler' driver.
INFO - 2022-05-23 13:57:14 --> Session: Class initialized using 'CodeIgniter\Session\Handlers\FileHandler' driver.
INFO - 2022-05-23 13:57:16 --> Session: Class initialized using 'CodeIgniter\Session\Handlers\FileHandler' driver.
INFO - 2022-05-23 13:57:16 --> Session: Class initialized using 'CodeIgniter\Session\Handlers\FileHandler' driver.
INFO - 2022-05-23 13:57:18 --> Session: Class initialized using 'CodeIgniter\Session\Handlers\FileHandler' driver.
ERROR - 2022-05-23 13:57:18 -->  Equipmentcontroler funtron registerEquipment Trying to get property 'id' of non-object
INFO - 2022-05-23 13:58:09 --> Session: Class initialized using 'CodeIgniter\Session\Handlers\FileHandler' driver.
ERROR - 2022-05-23 13:58:09 -->  Equipmentcontroler funtron registerEquipment Trying to get property 'id' of non-object
INFO - 2022-05-23 13:59:21 --> Session: Class initialized using 'CodeIgniter\Session\Handlers\FileHandler' driver.
INFO - 2022-05-23 13:59:21 --> Session: Class initialized using 'CodeIgniter\Session\Handlers\FileHandler' driver.
INFO - 2022-05-23 13:59:23 --> Session: Class initialized using 'CodeIgniter\Session\Handlers\FileHandler' driver.
INFO - 2022-05-23 13:59:23 --> Session: Class initialized using 'CodeIgniter\Session\Handlers\FileHandler' driver.
INFO - 2022-05-23 18:45:55 --> Session: Class initialized using 'CodeIgniter\Session\Handlers\FileHandler' driver.
INFO - 2022-05-23 18:45:55 --> CSRF cookie sent.
INFO - 2022-05-23 18:45:55 --> Session: Class initialized using 'CodeIgniter\Session\Handlers\FileHandler' driver.
