INFO - 2022-02-06 00:04:11 --> Session: Class initialized using 'CodeIgniter\Session\Handlers\FileHandler' driver.
INFO - 2022-02-06 00:04:11 --> Session: Class initialized using 'CodeIgniter\Session\Handlers\FileHandler' driver.
INFO - 2022-02-06 00:04:13 --> Session: Class initialized using 'CodeIgniter\Session\Handlers\FileHandler' driver.
CRITICAL - 2022-02-06 00:04:13 --> Undefined property: App\Controllers\Home::$input
#0 C:\xampp\htdocs\csv_management\CSV_Management\app\Controllers\Home.php(82): CodeIgniter\Debug\Exceptions->errorHandler(8, 'Undefined prope...', 'C:\\xampp\\htdocs...', 82, Array)
#1 C:\xampp\htdocs\csv_management\CSV_Management\vendor\codeigniter4\framework\system\CodeIgniter.php(824): App\Controllers\Home->updatechart()
#2 C:\xampp\htdocs\csv_management\CSV_Management\vendor\codeigniter4\framework\system\CodeIgniter.php(410): CodeIgniter\CodeIgniter->runController(Object(App\Controllers\Home))
#3 C:\xampp\htdocs\csv_management\CSV_Management\vendor\codeigniter4\framework\system\CodeIgniter.php(318): CodeIgniter\CodeIgniter->handleRequest(NULL, Object(Config\Cache), false)
#4 C:\xampp\htdocs\csv_management\CSV_Management\public\index.php(37): CodeIgniter\CodeIgniter->run()
#5 {main}
INFO - 2022-02-06 00:07:07 --> Session: Class initialized using 'CodeIgniter\Session\Handlers\FileHandler' driver.
INFO - 2022-02-06 00:07:08 --> Session: Class initialized using 'CodeIgniter\Session\Handlers\FileHandler' driver.
INFO - 2022-02-06 00:07:11 --> Session: Class initialized using 'CodeIgniter\Session\Handlers\FileHandler' driver.
CRITICAL - 2022-02-06 00:07:11 --> Undefined property: App\Controllers\Home::$input
#0 C:\xampp\htdocs\csv_management\CSV_Management\app\Controllers\Home.php(82): CodeIgniter\Debug\Exceptions->errorHandler(8, 'Undefined prope...', 'C:\\xampp\\htdocs...', 82, Array)
#1 C:\xampp\htdocs\csv_management\CSV_Management\vendor\codeigniter4\framework\system\CodeIgniter.php(824): App\Controllers\Home->updatechart()
#2 C:\xampp\htdocs\csv_management\CSV_Management\vendor\codeigniter4\framework\system\CodeIgniter.php(410): CodeIgniter\CodeIgniter->runController(Object(App\Controllers\Home))
#3 C:\xampp\htdocs\csv_management\CSV_Management\vendor\codeigniter4\framework\system\CodeIgniter.php(318): CodeIgniter\CodeIgniter->handleRequest(NULL, Object(Config\Cache), false)
#4 C:\xampp\htdocs\csv_management\CSV_Management\public\index.php(37): CodeIgniter\CodeIgniter->run()
#5 {main}
INFO - 2022-02-06 00:07:29 --> Session: Class initialized using 'CodeIgniter\Session\Handlers\FileHandler' driver.
CRITICAL - 2022-02-06 00:07:29 --> Undefined property: App\Controllers\Home::$input
#0 C:\xampp\htdocs\csv_management\CSV_Management\app\Controllers\Home.php(82): CodeIgniter\Debug\Exceptions->errorHandler(8, 'Undefined prope...', 'C:\\xampp\\htdocs...', 82, Array)
#1 C:\xampp\htdocs\csv_management\CSV_Management\vendor\codeigniter4\framework\system\CodeIgniter.php(824): App\Controllers\Home->updatechart()
#2 C:\xampp\htdocs\csv_management\CSV_Management\vendor\codeigniter4\framework\system\CodeIgniter.php(410): CodeIgniter\CodeIgniter->runController(Object(App\Controllers\Home))
#3 C:\xampp\htdocs\csv_management\CSV_Management\vendor\codeigniter4\framework\system\CodeIgniter.php(318): CodeIgniter\CodeIgniter->handleRequest(NULL, Object(Config\Cache), false)
#4 C:\xampp\htdocs\csv_management\CSV_Management\public\index.php(37): CodeIgniter\CodeIgniter->run()
#5 {main}
INFO - 2022-02-06 00:09:31 --> Session: Class initialized using 'CodeIgniter\Session\Handlers\FileHandler' driver.
INFO - 2022-02-06 00:09:31 --> Session: Class initialized using 'CodeIgniter\Session\Handlers\FileHandler' driver.
INFO - 2022-02-06 00:09:33 --> Session: Class initialized using 'CodeIgniter\Session\Handlers\FileHandler' driver.
INFO - 2022-02-06 00:09:43 --> Session: Class initialized using 'CodeIgniter\Session\Handlers\FileHandler' driver.
INFO - 2022-02-06 00:13:10 --> Session: Class initialized using 'CodeIgniter\Session\Handlers\FileHandler' driver.
INFO - 2022-02-06 00:13:10 --> Session: Class initialized using 'CodeIgniter\Session\Handlers\FileHandler' driver.
INFO - 2022-02-06 00:13:12 --> Session: Class initialized using 'CodeIgniter\Session\Handlers\FileHandler' driver.
INFO - 2022-02-06 00:19:23 --> Session: Class initialized using 'CodeIgniter\Session\Handlers\FileHandler' driver.
INFO - 2022-02-06 00:19:32 --> Session: Class initialized using 'CodeIgniter\Session\Handlers\FileHandler' driver.
INFO - 2022-02-06 00:19:33 --> Session: Class initialized using 'CodeIgniter\Session\Handlers\FileHandler' driver.
INFO - 2022-02-06 00:19:36 --> Session: Class initialized using 'CodeIgniter\Session\Handlers\FileHandler' driver.
INFO - 2022-02-06 00:19:39 --> Session: Class initialized using 'CodeIgniter\Session\Handlers\FileHandler' driver.
INFO - 2022-02-06 00:19:41 --> Session: Class initialized using 'CodeIgniter\Session\Handlers\FileHandler' driver.
INFO - 2022-02-06 00:19:46 --> Session: Class initialized using 'CodeIgniter\Session\Handlers\FileHandler' driver.
INFO - 2022-02-06 00:19:52 --> Session: Class initialized using 'CodeIgniter\Session\Handlers\FileHandler' driver.
INFO - 2022-02-06 00:19:55 --> Session: Class initialized using 'CodeIgniter\Session\Handlers\FileHandler' driver.
INFO - 2022-02-06 00:19:56 --> Session: Class initialized using 'CodeIgniter\Session\Handlers\FileHandler' driver.
INFO - 2022-02-06 00:19:57 --> Session: Class initialized using 'CodeIgniter\Session\Handlers\FileHandler' driver.
INFO - 2022-02-06 00:23:24 --> Session: Class initialized using 'CodeIgniter\Session\Handlers\FileHandler' driver.
INFO - 2022-02-06 00:23:24 --> Session: Class initialized using 'CodeIgniter\Session\Handlers\FileHandler' driver.
INFO - 2022-02-06 00:23:27 --> Session: Class initialized using 'CodeIgniter\Session\Handlers\FileHandler' driver.
INFO - 2022-02-06 00:24:36 --> Session: Class initialized using 'CodeIgniter\Session\Handlers\FileHandler' driver.
INFO - 2022-02-06 00:24:37 --> Session: Class initialized using 'CodeIgniter\Session\Handlers\FileHandler' driver.
INFO - 2022-02-06 00:24:40 --> Session: Class initialized using 'CodeIgniter\Session\Handlers\FileHandler' driver.
CRITICAL - 2022-02-06 00:24:40 --> A non-numeric value encountered
#0 C:\xampp\htdocs\csv_management\CSV_Management\app\Models\EquipmentsModel.php(224): CodeIgniter\Debug\Exceptions->errorHandler(2, 'A non-numeric v...', 'C:\\xampp\\htdocs...', 224, Array)
#1 C:\xampp\htdocs\csv_management\CSV_Management\app\Controllers\Home.php(86): App\Models\EquipmentsModel->getLaptop('2016')
#2 C:\xampp\htdocs\csv_management\CSV_Management\vendor\codeigniter4\framework\system\CodeIgniter.php(824): App\Controllers\Home->updatechart()
#3 C:\xampp\htdocs\csv_management\CSV_Management\vendor\codeigniter4\framework\system\CodeIgniter.php(410): CodeIgniter\CodeIgniter->runController(Object(App\Controllers\Home))
#4 C:\xampp\htdocs\csv_management\CSV_Management\vendor\codeigniter4\framework\system\CodeIgniter.php(318): CodeIgniter\CodeIgniter->handleRequest(NULL, Object(Config\Cache), false)
#5 C:\xampp\htdocs\csv_management\CSV_Management\public\index.php(37): CodeIgniter\CodeIgniter->run()
#6 {main}
INFO - 2022-02-06 00:25:12 --> Session: Class initialized using 'CodeIgniter\Session\Handlers\FileHandler' driver.
INFO - 2022-02-06 00:25:12 --> Session: Class initialized using 'CodeIgniter\Session\Handlers\FileHandler' driver.
CRITICAL - 2022-02-06 00:25:12 --> A non-numeric value encountered
#0 C:\xampp\htdocs\csv_management\CSV_Management\app\Models\EquipmentsModel.php(224): CodeIgniter\Debug\Exceptions->errorHandler(2, 'A non-numeric v...', 'C:\\xampp\\htdocs...', 224, Array)
#1 C:\xampp\htdocs\csv_management\CSV_Management\app\Controllers\Home.php(66): App\Models\EquipmentsModel->getLaptop('2016')
#2 C:\xampp\htdocs\csv_management\CSV_Management\vendor\codeigniter4\framework\system\CodeIgniter.php(824): App\Controllers\Home->getlistconfig()
#3 C:\xampp\htdocs\csv_management\CSV_Management\vendor\codeigniter4\framework\system\CodeIgniter.php(410): CodeIgniter\CodeIgniter->runController(Object(App\Controllers\Home))
#4 C:\xampp\htdocs\csv_management\CSV_Management\vendor\codeigniter4\framework\system\CodeIgniter.php(318): CodeIgniter\CodeIgniter->handleRequest(NULL, Object(Config\Cache), false)
#5 C:\xampp\htdocs\csv_management\CSV_Management\public\index.php(37): CodeIgniter\CodeIgniter->run()
#6 {main}
INFO - 2022-02-06 00:25:23 --> Session: Class initialized using 'CodeIgniter\Session\Handlers\FileHandler' driver.
INFO - 2022-02-06 00:25:23 --> Session: Class initialized using 'CodeIgniter\Session\Handlers\FileHandler' driver.
INFO - 2022-02-06 00:28:09 --> Session: Class initialized using 'CodeIgniter\Session\Handlers\FileHandler' driver.
INFO - 2022-02-06 00:28:09 --> Session: Class initialized using 'CodeIgniter\Session\Handlers\FileHandler' driver.
INFO - 2022-02-06 00:28:11 --> Session: Class initialized using 'CodeIgniter\Session\Handlers\FileHandler' driver.
CRITICAL - 2022-02-06 00:28:11 --> A non-numeric value encountered
#0 C:\xampp\htdocs\csv_management\CSV_Management\app\Models\EquipmentsModel.php(224): CodeIgniter\Debug\Exceptions->errorHandler(2, 'A non-numeric v...', 'C:\\xampp\\htdocs...', 224, Array)
#1 C:\xampp\htdocs\csv_management\CSV_Management\app\Controllers\Home.php(86): App\Models\EquipmentsModel->getLaptop('2019')
#2 C:\xampp\htdocs\csv_management\CSV_Management\vendor\codeigniter4\framework\system\CodeIgniter.php(824): App\Controllers\Home->updatechart()
#3 C:\xampp\htdocs\csv_management\CSV_Management\vendor\codeigniter4\framework\system\CodeIgniter.php(410): CodeIgniter\CodeIgniter->runController(Object(App\Controllers\Home))
#4 C:\xampp\htdocs\csv_management\CSV_Management\vendor\codeigniter4\framework\system\CodeIgniter.php(318): CodeIgniter\CodeIgniter->handleRequest(NULL, Object(Config\Cache), false)
#5 C:\xampp\htdocs\csv_management\CSV_Management\public\index.php(37): CodeIgniter\CodeIgniter->run()
#6 {main}
INFO - 2022-02-06 00:30:57 --> Session: Class initialized using 'CodeIgniter\Session\Handlers\FileHandler' driver.
INFO - 2022-02-06 00:30:58 --> Session: Class initialized using 'CodeIgniter\Session\Handlers\FileHandler' driver.
INFO - 2022-02-06 00:30:58 --> CSRF cookie sent.
INFO - 2022-02-06 00:31:00 --> Session: Class initialized using 'CodeIgniter\Session\Handlers\FileHandler' driver.
INFO - 2022-02-06 00:31:08 --> Session: Class initialized using 'CodeIgniter\Session\Handlers\FileHandler' driver.
INFO - 2022-02-06 00:31:10 --> Session: Class initialized using 'CodeIgniter\Session\Handlers\FileHandler' driver.
INFO - 2022-02-06 00:31:13 --> Session: Class initialized using 'CodeIgniter\Session\Handlers\FileHandler' driver.
INFO - 2022-02-06 00:31:18 --> Session: Class initialized using 'CodeIgniter\Session\Handlers\FileHandler' driver.
INFO - 2022-02-06 00:31:19 --> Session: Class initialized using 'CodeIgniter\Session\Handlers\FileHandler' driver.
INFO - 2022-02-06 00:31:36 --> Session: Class initialized using 'CodeIgniter\Session\Handlers\FileHandler' driver.
INFO - 2022-02-06 00:31:52 --> Session: Class initialized using 'CodeIgniter\Session\Handlers\FileHandler' driver.
INFO - 2022-02-06 00:31:52 --> Session: Class initialized using 'CodeIgniter\Session\Handlers\FileHandler' driver.
INFO - 2022-02-06 00:31:55 --> Session: Class initialized using 'CodeIgniter\Session\Handlers\FileHandler' driver.
INFO - 2022-02-06 00:33:28 --> Session: Class initialized using 'CodeIgniter\Session\Handlers\FileHandler' driver.
INFO - 2022-02-06 00:33:36 --> Session: Class initialized using 'CodeIgniter\Session\Handlers\FileHandler' driver.
INFO - 2022-02-06 00:33:46 --> Session: Class initialized using 'CodeIgniter\Session\Handlers\FileHandler' driver.
INFO - 2022-02-06 00:33:53 --> Session: Class initialized using 'CodeIgniter\Session\Handlers\FileHandler' driver.
INFO - 2022-02-06 00:33:53 --> Session: Class initialized using 'CodeIgniter\Session\Handlers\FileHandler' driver.
INFO - 2022-02-06 00:33:56 --> Session: Class initialized using 'CodeIgniter\Session\Handlers\FileHandler' driver.
INFO - 2022-02-06 00:35:28 --> Session: Class initialized using 'CodeIgniter\Session\Handlers\FileHandler' driver.
INFO - 2022-02-06 00:35:29 --> Session: Class initialized using 'CodeIgniter\Session\Handlers\FileHandler' driver.
INFO - 2022-02-06 00:35:31 --> Session: Class initialized using 'CodeIgniter\Session\Handlers\FileHandler' driver.
INFO - 2022-02-06 00:35:33 --> Session: Class initialized using 'CodeIgniter\Session\Handlers\FileHandler' driver.
