INFO - 2022-01-28 09:04:01 --> Session: Class initialized using 'CodeIgniter\Session\Handlers\FileHandler' driver.
INFO - 2022-01-28 09:04:01 --> CSRF cookie sent.
INFO - 2022-01-28 13:35:37 --> Session: Class initialized using 'CodeIgniter\Session\Handlers\FileHandler' driver.
INFO - 2022-01-28 13:35:38 --> Session: Class initialized using 'CodeIgniter\Session\Handlers\FileHandler' driver.
INFO - 2022-01-28 13:35:38 --> CSRF cookie sent.
INFO - 2022-01-28 13:37:39 --> Session: Class initialized using 'CodeIgniter\Session\Handlers\FileHandler' driver.
INFO - 2022-01-28 13:37:39 --> Session: Class initialized using 'CodeIgniter\Session\Handlers\FileHandler' driver.
CRITICAL - 2022-01-28 13:37:39 --> A non-numeric value encountered
#0 C:\xampp\htdocs\csv_management\CSV_Management\app\Models\EquipmentsModel.php(224): CodeIgniter\Debug\Exceptions->errorHandler(2, 'A non-numeric v...', 'C:\\xampp\\htdocs...', 224, Array)
#1 C:\xampp\htdocs\csv_management\CSV_Management\app\Controllers\Home.php(59): App\Models\EquipmentsModel->getLaptop(NULL)
#2 C:\xampp\htdocs\csv_management\CSV_Management\vendor\codeigniter4\framework\system\CodeIgniter.php(824): App\Controllers\Home->getlistconfig()
#3 C:\xampp\htdocs\csv_management\CSV_Management\vendor\codeigniter4\framework\system\CodeIgniter.php(410): CodeIgniter\CodeIgniter->runController(Object(App\Controllers\Home))
#4 C:\xampp\htdocs\csv_management\CSV_Management\vendor\codeigniter4\framework\system\CodeIgniter.php(318): CodeIgniter\CodeIgniter->handleRequest(NULL, Object(Config\Cache), false)
#5 C:\xampp\htdocs\csv_management\CSV_Management\public\index.php(37): CodeIgniter\CodeIgniter->run()
#6 {main}
INFO - 2022-01-28 13:38:09 --> Session: Class initialized using 'CodeIgniter\Session\Handlers\FileHandler' driver.
INFO - 2022-01-28 13:38:09 --> Session: Class initialized using 'CodeIgniter\Session\Handlers\FileHandler' driver.
INFO - 2022-01-28 13:46:28 --> Session: Class initialized using 'CodeIgniter\Session\Handlers\FileHandler' driver.
CRITICAL - 2022-01-28 13:46:28 --> Undefined variable: data
#0 C:\xampp\htdocs\csv_management\CSV_Management\app\Views\Homes\home.php(23): CodeIgniter\Debug\Exceptions->errorHandler(8, 'Undefined varia...', 'C:\\xampp\\htdocs...', 23, Array)
#1 C:\xampp\htdocs\csv_management\CSV_Management\vendor\codeigniter4\framework\system\View\View.php(214): include('C:\\xampp\\htdocs...')
#2 C:\xampp\htdocs\csv_management\CSV_Management\vendor\codeigniter4\framework\system\View\View.php(217): CodeIgniter\View\View->CodeIgniter\View\{closure}()
#3 C:\xampp\htdocs\csv_management\CSV_Management\vendor\codeigniter4\framework\system\Common.php(1097): CodeIgniter\View\View->render('Homes/home', Array, true)
#4 C:\xampp\htdocs\csv_management\CSV_Management\app\Controllers\Home.php(35): view('Homes/home', Array)
#5 C:\xampp\htdocs\csv_management\CSV_Management\vendor\codeigniter4\framework\system\CodeIgniter.php(824): App\Controllers\Home->home()
#6 C:\xampp\htdocs\csv_management\CSV_Management\vendor\codeigniter4\framework\system\CodeIgniter.php(410): CodeIgniter\CodeIgniter->runController(Object(App\Controllers\Home))
#7 C:\xampp\htdocs\csv_management\CSV_Management\vendor\codeigniter4\framework\system\CodeIgniter.php(318): CodeIgniter\CodeIgniter->handleRequest(NULL, Object(Config\Cache), false)
#8 C:\xampp\htdocs\csv_management\CSV_Management\public\index.php(37): CodeIgniter\CodeIgniter->run()
#9 {main}
INFO - 2022-01-28 13:46:49 --> Session: Class initialized using 'CodeIgniter\Session\Handlers\FileHandler' driver.
INFO - 2022-01-28 13:46:49 --> Session: Class initialized using 'CodeIgniter\Session\Handlers\FileHandler' driver.
INFO - 2022-01-28 13:46:52 --> Session: Class initialized using 'CodeIgniter\Session\Handlers\FileHandler' driver.
CRITICAL - 2022-01-28 13:46:52 --> Undefined variable: data
#0 C:\xampp\htdocs\csv_management\CSV_Management\app\Views\Homes\home.php(23): CodeIgniter\Debug\Exceptions->errorHandler(8, 'Undefined varia...', 'C:\\xampp\\htdocs...', 23, Array)
#1 C:\xampp\htdocs\csv_management\CSV_Management\vendor\codeigniter4\framework\system\View\View.php(214): include('C:\\xampp\\htdocs...')
#2 C:\xampp\htdocs\csv_management\CSV_Management\vendor\codeigniter4\framework\system\View\View.php(217): CodeIgniter\View\View->CodeIgniter\View\{closure}()
#3 C:\xampp\htdocs\csv_management\CSV_Management\vendor\codeigniter4\framework\system\Common.php(1097): CodeIgniter\View\View->render('Homes/home', Array, true)
#4 C:\xampp\htdocs\csv_management\CSV_Management\app\Controllers\Home.php(35): view('Homes/home', Array)
#5 C:\xampp\htdocs\csv_management\CSV_Management\vendor\codeigniter4\framework\system\CodeIgniter.php(824): App\Controllers\Home->home()
#6 C:\xampp\htdocs\csv_management\CSV_Management\vendor\codeigniter4\framework\system\CodeIgniter.php(410): CodeIgniter\CodeIgniter->runController(Object(App\Controllers\Home))
#7 C:\xampp\htdocs\csv_management\CSV_Management\vendor\codeigniter4\framework\system\CodeIgniter.php(318): CodeIgniter\CodeIgniter->handleRequest(NULL, Object(Config\Cache), false)
#8 C:\xampp\htdocs\csv_management\CSV_Management\public\index.php(37): CodeIgniter\CodeIgniter->run()
#9 {main}
INFO - 2022-01-28 13:48:00 --> Session: Class initialized using 'CodeIgniter\Session\Handlers\FileHandler' driver.
INFO - 2022-01-28 13:48:01 --> Session: Class initialized using 'CodeIgniter\Session\Handlers\FileHandler' driver.
INFO - 2022-01-28 13:48:02 --> Session: Class initialized using 'CodeIgniter\Session\Handlers\FileHandler' driver.
INFO - 2022-01-28 13:48:03 --> Session: Class initialized using 'CodeIgniter\Session\Handlers\FileHandler' driver.
CRITICAL - 2022-01-28 13:48:03 --> Undefined offset: 0
#0 C:\xampp\htdocs\csv_management\CSV_Management\app\Models\PositionsModel.php(91): CodeIgniter\Debug\Exceptions->errorHandler(8, 'Undefined offse...', 'C:\\xampp\\htdocs...', 91, Array)
#1 C:\xampp\htdocs\csv_management\CSV_Management\app\Models\ProfilesModel.php(135): App\Models\PositionsModel->getNameByID('0')
#2 C:\xampp\htdocs\csv_management\CSV_Management\app\Controllers\Profile.php(65): App\Models\ProfilesModel->searchAJAX(Array)
#3 C:\xampp\htdocs\csv_management\CSV_Management\vendor\codeigniter4\framework\system\CodeIgniter.php(824): App\Controllers\Profile->searchUser()
#4 C:\xampp\htdocs\csv_management\CSV_Management\vendor\codeigniter4\framework\system\CodeIgniter.php(410): CodeIgniter\CodeIgniter->runController(Object(App\Controllers\Profile))
#5 C:\xampp\htdocs\csv_management\CSV_Management\vendor\codeigniter4\framework\system\CodeIgniter.php(318): CodeIgniter\CodeIgniter->handleRequest(NULL, Object(Config\Cache), false)
#6 C:\xampp\htdocs\csv_management\CSV_Management\public\index.php(37): CodeIgniter\CodeIgniter->run()
#7 {main}
INFO - 2022-01-28 13:49:46 --> Session: Class initialized using 'CodeIgniter\Session\Handlers\FileHandler' driver.
CRITICAL - 2022-01-28 13:49:47 --> Undefined variable: data
#0 C:\xampp\htdocs\csv_management\CSV_Management\app\Views\Homes\home.php(23): CodeIgniter\Debug\Exceptions->errorHandler(8, 'Undefined varia...', 'C:\\xampp\\htdocs...', 23, Array)
#1 C:\xampp\htdocs\csv_management\CSV_Management\vendor\codeigniter4\framework\system\View\View.php(214): include('C:\\xampp\\htdocs...')
#2 C:\xampp\htdocs\csv_management\CSV_Management\vendor\codeigniter4\framework\system\View\View.php(217): CodeIgniter\View\View->CodeIgniter\View\{closure}()
#3 C:\xampp\htdocs\csv_management\CSV_Management\vendor\codeigniter4\framework\system\Common.php(1097): CodeIgniter\View\View->render('Homes/home', Array, true)
#4 C:\xampp\htdocs\csv_management\CSV_Management\app\Controllers\Home.php(35): view('Homes/home', Array)
#5 C:\xampp\htdocs\csv_management\CSV_Management\vendor\codeigniter4\framework\system\CodeIgniter.php(824): App\Controllers\Home->home()
#6 C:\xampp\htdocs\csv_management\CSV_Management\vendor\codeigniter4\framework\system\CodeIgniter.php(410): CodeIgniter\CodeIgniter->runController(Object(App\Controllers\Home))
#7 C:\xampp\htdocs\csv_management\CSV_Management\vendor\codeigniter4\framework\system\CodeIgniter.php(318): CodeIgniter\CodeIgniter->handleRequest(NULL, Object(Config\Cache), false)
#8 C:\xampp\htdocs\csv_management\CSV_Management\public\index.php(37): CodeIgniter\CodeIgniter->run()
#9 {main}
INFO - 2022-01-28 13:50:58 --> Session: Class initialized using 'CodeIgniter\Session\Handlers\FileHandler' driver.
CRITICAL - 2022-01-28 13:50:58 --> Object of class stdClass could not be converted to string
#0 C:\xampp\htdocs\csv_management\CSV_Management\vendor\codeigniter4\framework\system\View\View.php(214): include()
#1 C:\xampp\htdocs\csv_management\CSV_Management\vendor\codeigniter4\framework\system\View\View.php(217): CodeIgniter\View\View->CodeIgniter\View\{closure}()
#2 C:\xampp\htdocs\csv_management\CSV_Management\vendor\codeigniter4\framework\system\Common.php(1097): CodeIgniter\View\View->render('Homes/home', Array, true)
#3 C:\xampp\htdocs\csv_management\CSV_Management\app\Controllers\Home.php(38): view('Homes/home', Array)
#4 C:\xampp\htdocs\csv_management\CSV_Management\vendor\codeigniter4\framework\system\CodeIgniter.php(824): App\Controllers\Home->home()
#5 C:\xampp\htdocs\csv_management\CSV_Management\vendor\codeigniter4\framework\system\CodeIgniter.php(410): CodeIgniter\CodeIgniter->runController(Object(App\Controllers\Home))
#6 C:\xampp\htdocs\csv_management\CSV_Management\vendor\codeigniter4\framework\system\CodeIgniter.php(318): CodeIgniter\CodeIgniter->handleRequest(NULL, Object(Config\Cache), false)
#7 C:\xampp\htdocs\csv_management\CSV_Management\public\index.php(37): CodeIgniter\CodeIgniter->run()
#8 {main}
INFO - 2022-01-28 13:52:27 --> Session: Class initialized using 'CodeIgniter\Session\Handlers\FileHandler' driver.
CRITICAL - 2022-01-28 13:52:27 --> Object of class stdClass could not be converted to string
#0 C:\xampp\htdocs\csv_management\CSV_Management\vendor\codeigniter4\framework\system\View\View.php(214): include()
#1 C:\xampp\htdocs\csv_management\CSV_Management\vendor\codeigniter4\framework\system\View\View.php(217): CodeIgniter\View\View->CodeIgniter\View\{closure}()
#2 C:\xampp\htdocs\csv_management\CSV_Management\vendor\codeigniter4\framework\system\Common.php(1097): CodeIgniter\View\View->render('Homes/home', Array, true)
#3 C:\xampp\htdocs\csv_management\CSV_Management\app\Controllers\Home.php(38): view('Homes/home', Array)
#4 C:\xampp\htdocs\csv_management\CSV_Management\vendor\codeigniter4\framework\system\CodeIgniter.php(824): App\Controllers\Home->home()
#5 C:\xampp\htdocs\csv_management\CSV_Management\vendor\codeigniter4\framework\system\CodeIgniter.php(410): CodeIgniter\CodeIgniter->runController(Object(App\Controllers\Home))
#6 C:\xampp\htdocs\csv_management\CSV_Management\vendor\codeigniter4\framework\system\CodeIgniter.php(318): CodeIgniter\CodeIgniter->handleRequest(NULL, Object(Config\Cache), false)
#7 C:\xampp\htdocs\csv_management\CSV_Management\public\index.php(37): CodeIgniter\CodeIgniter->run()
#8 {main}
INFO - 2022-01-28 13:54:30 --> Session: Class initialized using 'CodeIgniter\Session\Handlers\FileHandler' driver.
CRITICAL - 2022-01-28 13:54:30 --> Cannot use object of type stdClass as array
#0 C:\xampp\htdocs\csv_management\CSV_Management\vendor\codeigniter4\framework\system\View\View.php(214): include()
#1 C:\xampp\htdocs\csv_management\CSV_Management\vendor\codeigniter4\framework\system\View\View.php(217): CodeIgniter\View\View->CodeIgniter\View\{closure}()
#2 C:\xampp\htdocs\csv_management\CSV_Management\vendor\codeigniter4\framework\system\Common.php(1097): CodeIgniter\View\View->render('Homes/home', Array, true)
#3 C:\xampp\htdocs\csv_management\CSV_Management\app\Controllers\Home.php(38): view('Homes/home', Array)
#4 C:\xampp\htdocs\csv_management\CSV_Management\vendor\codeigniter4\framework\system\CodeIgniter.php(824): App\Controllers\Home->home()
#5 C:\xampp\htdocs\csv_management\CSV_Management\vendor\codeigniter4\framework\system\CodeIgniter.php(410): CodeIgniter\CodeIgniter->runController(Object(App\Controllers\Home))
#6 C:\xampp\htdocs\csv_management\CSV_Management\vendor\codeigniter4\framework\system\CodeIgniter.php(318): CodeIgniter\CodeIgniter->handleRequest(NULL, Object(Config\Cache), false)
#7 C:\xampp\htdocs\csv_management\CSV_Management\public\index.php(37): CodeIgniter\CodeIgniter->run()
#8 {main}
INFO - 2022-01-28 13:55:14 --> Session: Class initialized using 'CodeIgniter\Session\Handlers\FileHandler' driver.
CRITICAL - 2022-01-28 13:55:14 --> Array to string conversion
#0 C:\xampp\htdocs\csv_management\CSV_Management\app\Controllers\Home.php(38): CodeIgniter\Debug\Exceptions->errorHandler(8, 'Array to string...', 'C:\\xampp\\htdocs...', 38, Array)
#1 C:\xampp\htdocs\csv_management\CSV_Management\vendor\codeigniter4\framework\system\CodeIgniter.php(824): App\Controllers\Home->home()
#2 C:\xampp\htdocs\csv_management\CSV_Management\vendor\codeigniter4\framework\system\CodeIgniter.php(410): CodeIgniter\CodeIgniter->runController(Object(App\Controllers\Home))
#3 C:\xampp\htdocs\csv_management\CSV_Management\vendor\codeigniter4\framework\system\CodeIgniter.php(318): CodeIgniter\CodeIgniter->handleRequest(NULL, Object(Config\Cache), false)
#4 C:\xampp\htdocs\csv_management\CSV_Management\public\index.php(37): CodeIgniter\CodeIgniter->run()
#5 {main}
INFO - 2022-01-28 13:55:47 --> Session: Class initialized using 'CodeIgniter\Session\Handlers\FileHandler' driver.
INFO - 2022-01-28 13:58:16 --> Session: Class initialized using 'CodeIgniter\Session\Handlers\FileHandler' driver.
INFO - 2022-01-28 13:58:51 --> Session: Class initialized using 'CodeIgniter\Session\Handlers\FileHandler' driver.
INFO - 2022-01-28 13:58:51 --> Session: Class initialized using 'CodeIgniter\Session\Handlers\FileHandler' driver.
CRITICAL - 2022-01-28 13:58:51 --> Undefined offset: 0
#0 C:\xampp\htdocs\csv_management\CSV_Management\app\Models\PositionsModel.php(91): CodeIgniter\Debug\Exceptions->errorHandler(8, 'Undefined offse...', 'C:\\xampp\\htdocs...', 91, Array)
#1 C:\xampp\htdocs\csv_management\CSV_Management\app\Models\ProfilesModel.php(135): App\Models\PositionsModel->getNameByID('0')
#2 C:\xampp\htdocs\csv_management\CSV_Management\app\Controllers\Profile.php(67): App\Models\ProfilesModel->searchAJAX(Array)
#3 C:\xampp\htdocs\csv_management\CSV_Management\vendor\codeigniter4\framework\system\CodeIgniter.php(824): App\Controllers\Profile->searchUser()
#4 C:\xampp\htdocs\csv_management\CSV_Management\vendor\codeigniter4\framework\system\CodeIgniter.php(410): CodeIgniter\CodeIgniter->runController(Object(App\Controllers\Profile))
#5 C:\xampp\htdocs\csv_management\CSV_Management\vendor\codeigniter4\framework\system\CodeIgniter.php(318): CodeIgniter\CodeIgniter->handleRequest(NULL, Object(Config\Cache), false)
#6 C:\xampp\htdocs\csv_management\CSV_Management\public\index.php(37): CodeIgniter\CodeIgniter->run()
#7 {main}
