INFO - 2022-05-19 07:18:24 --> Session: Class initialized using 'CodeIgniter\Session\Handlers\FileHandler' driver.
INFO - 2022-05-19 07:43:07 --> Session: Class initialized using 'CodeIgniter\Session\Handlers\FileHandler' driver.
INFO - 2022-05-19 07:43:08 --> CSRF cookie sent.
INFO - 2022-05-19 09:26:55 --> Session: Class initialized using 'CodeIgniter\Session\Handlers\FileHandler' driver.
INFO - 2022-05-19 09:26:58 --> Session: Class initialized using 'CodeIgniter\Session\Handlers\FileHandler' driver.
INFO - 2022-05-19 09:27:01 --> Session: Class initialized using 'CodeIgniter\Session\Handlers\FileHandler' driver.
INFO - 2022-05-19 10:00:28 --> Session: Class initialized using 'CodeIgniter\Session\Handlers\FileHandler' driver.
INFO - 2022-05-19 10:00:28 --> CSRF cookie sent.
INFO - 2022-05-19 10:01:27 --> Session: Class initialized using 'CodeIgniter\Session\Handlers\FileHandler' driver.
ERROR - 2022-05-19 10:01:27 --> searchequipment Undefined index: name
INFO - 2022-05-19 10:03:38 --> Session: Class initialized using 'CodeIgniter\Session\Handlers\FileHandler' driver.
CRITICAL - 2022-05-19 10:03:38 --> Class 'App\Controllers\EquipmentsModel' not found
#0 C:\xampp\htdocs\ProjectCongNghePhanMem\vendor\codeigniter4\framework\system\CodeIgniter.php(824): App\Controllers\Equipment->searchequipment()
#1 C:\xampp\htdocs\ProjectCongNghePhanMem\vendor\codeigniter4\framework\system\CodeIgniter.php(410): CodeIgniter\CodeIgniter->runController(Object(App\Controllers\Equipment))
#2 C:\xampp\htdocs\ProjectCongNghePhanMem\vendor\codeigniter4\framework\system\CodeIgniter.php(318): CodeIgniter\CodeIgniter->handleRequest(NULL, Object(Config\Cache), false)
#3 C:\xampp\htdocs\ProjectCongNghePhanMem\public\index.php(37): CodeIgniter\CodeIgniter->run()
#4 {main}
INFO - 2022-05-19 10:04:33 --> Session: Class initialized using 'CodeIgniter\Session\Handlers\FileHandler' driver.
CRITICAL - 2022-05-19 10:04:33 --> Too few arguments to function App\Models\EquipmentsModel::searchequipment(), 1 passed in C:\xampp\htdocs\ProjectCongNghePhanMem\app\Controllers\Equipment.php on line 54 and exactly 10 expected
#0 C:\xampp\htdocs\ProjectCongNghePhanMem\app\Controllers\Equipment.php(54): App\Models\EquipmentsModel->searchequipment(NULL)
#1 C:\xampp\htdocs\ProjectCongNghePhanMem\vendor\codeigniter4\framework\system\CodeIgniter.php(824): App\Controllers\Equipment->searchequipment()
#2 C:\xampp\htdocs\ProjectCongNghePhanMem\vendor\codeigniter4\framework\system\CodeIgniter.php(410): CodeIgniter\CodeIgniter->runController(Object(App\Controllers\Equipment))
#3 C:\xampp\htdocs\ProjectCongNghePhanMem\vendor\codeigniter4\framework\system\CodeIgniter.php(318): CodeIgniter\CodeIgniter->handleRequest(NULL, Object(Config\Cache), false)
#4 C:\xampp\htdocs\ProjectCongNghePhanMem\public\index.php(37): CodeIgniter\CodeIgniter->run()
#5 {main}
INFO - 2022-05-19 10:07:13 --> Session: Class initialized using 'CodeIgniter\Session\Handlers\FileHandler' driver.
CRITICAL - 2022-05-19 10:07:13 --> Undefined index: name
#0 C:\xampp\htdocs\ProjectCongNghePhanMem\app\Controllers\Equipment.php(48): CodeIgniter\Debug\Exceptions->errorHandler(8, 'Undefined index...', 'C:\\xampp\\htdocs...', 48, Array)
#1 C:\xampp\htdocs\ProjectCongNghePhanMem\vendor\codeigniter4\framework\system\CodeIgniter.php(824): App\Controllers\Equipment->searchequipment()
#2 C:\xampp\htdocs\ProjectCongNghePhanMem\vendor\codeigniter4\framework\system\CodeIgniter.php(410): CodeIgniter\CodeIgniter->runController(Object(App\Controllers\Equipment))
#3 C:\xampp\htdocs\ProjectCongNghePhanMem\vendor\codeigniter4\framework\system\CodeIgniter.php(318): CodeIgniter\CodeIgniter->handleRequest(NULL, Object(Config\Cache), false)
#4 C:\xampp\htdocs\ProjectCongNghePhanMem\public\index.php(37): CodeIgniter\CodeIgniter->run()
#5 {main}
INFO - 2022-05-19 10:08:00 --> Session: Class initialized using 'CodeIgniter\Session\Handlers\FileHandler' driver.
CRITICAL - 2022-05-19 10:08:00 --> Undefined index: purchasedatefrom
#0 C:\xampp\htdocs\ProjectCongNghePhanMem\app\Controllers\Equipment.php(49): CodeIgniter\Debug\Exceptions->errorHandler(8, 'Undefined index...', 'C:\\xampp\\htdocs...', 49, Array)
#1 C:\xampp\htdocs\ProjectCongNghePhanMem\vendor\codeigniter4\framework\system\CodeIgniter.php(824): App\Controllers\Equipment->searchequipment()
#2 C:\xampp\htdocs\ProjectCongNghePhanMem\vendor\codeigniter4\framework\system\CodeIgniter.php(410): CodeIgniter\CodeIgniter->runController(Object(App\Controllers\Equipment))
#3 C:\xampp\htdocs\ProjectCongNghePhanMem\vendor\codeigniter4\framework\system\CodeIgniter.php(318): CodeIgniter\CodeIgniter->handleRequest(NULL, Object(Config\Cache), false)
#4 C:\xampp\htdocs\ProjectCongNghePhanMem\public\index.php(37): CodeIgniter\CodeIgniter->run()
#5 {main}
INFO - 2022-05-19 10:09:08 --> Session: Class initialized using 'CodeIgniter\Session\Handlers\FileHandler' driver.
CRITICAL - 2022-05-19 10:09:08 --> Undefined index: order
#0 C:\xampp\htdocs\ProjectCongNghePhanMem\app\Models\EquipmentsModel.php(106): CodeIgniter\Debug\Exceptions->errorHandler(8, 'Undefined index...', 'C:\\xampp\\htdocs...', 106, Array)
#1 C:\xampp\htdocs\ProjectCongNghePhanMem\app\Controllers\Equipment.php(58): App\Models\EquipmentsModel->searchequipment(NULL, NULL, NULL, NULL, NULL, NULL, NULL, NULL, NULL, NULL)
#2 C:\xampp\htdocs\ProjectCongNghePhanMem\vendor\codeigniter4\framework\system\CodeIgniter.php(824): App\Controllers\Equipment->searchequipment()
#3 C:\xampp\htdocs\ProjectCongNghePhanMem\vendor\codeigniter4\framework\system\CodeIgniter.php(410): CodeIgniter\CodeIgniter->runController(Object(App\Controllers\Equipment))
#4 C:\xampp\htdocs\ProjectCongNghePhanMem\vendor\codeigniter4\framework\system\CodeIgniter.php(318): CodeIgniter\CodeIgniter->handleRequest(NULL, Object(Config\Cache), false)
#5 C:\xampp\htdocs\ProjectCongNghePhanMem\public\index.php(37): CodeIgniter\CodeIgniter->run()
#6 {main}
INFO - 2022-05-19 10:18:31 --> Session: Class initialized using 'CodeIgniter\Session\Handlers\FileHandler' driver.
INFO - 2022-05-19 11:41:33 --> Session: Class initialized using 'CodeIgniter\Session\Handlers\FileHandler' driver.
INFO - 2022-05-19 11:41:34 --> Session: Class initialized using 'CodeIgniter\Session\Handlers\FileHandler' driver.
INFO - 2022-05-19 11:41:38 --> Session: Class initialized using 'CodeIgniter\Session\Handlers\FileHandler' driver.
INFO - 2022-05-19 11:41:38 --> Session: Class initialized using 'CodeIgniter\Session\Handlers\FileHandler' driver.
CRITICAL - 2022-05-19 11:41:38 --> Too few arguments to function App\Models\EquipmentsModel::searchequipment(), 10 passed in C:\xampp\htdocs\ProjectCongNghePhanMem\app\Controllers\Equipment.php on line 60 and exactly 11 expected
#0 C:\xampp\htdocs\ProjectCongNghePhanMem\app\Controllers\Equipment.php(60): App\Models\EquipmentsModel->searchequipment('', '', '', '', '', '', '', '', '', '')
#1 C:\xampp\htdocs\ProjectCongNghePhanMem\vendor\codeigniter4\framework\system\CodeIgniter.php(824): App\Controllers\Equipment->searchequipment()
#2 C:\xampp\htdocs\ProjectCongNghePhanMem\vendor\codeigniter4\framework\system\CodeIgniter.php(410): CodeIgniter\CodeIgniter->runController(Object(App\Controllers\Equipment))
#3 C:\xampp\htdocs\ProjectCongNghePhanMem\vendor\codeigniter4\framework\system\CodeIgniter.php(318): CodeIgniter\CodeIgniter->handleRequest(NULL, Object(Config\Cache), false)
#4 C:\xampp\htdocs\ProjectCongNghePhanMem\public\index.php(37): CodeIgniter\CodeIgniter->run()
#5 {main}
INFO - 2022-05-19 11:42:25 --> Session: Class initialized using 'CodeIgniter\Session\Handlers\FileHandler' driver.
INFO - 2022-05-19 11:42:25 --> Session: Class initialized using 'CodeIgniter\Session\Handlers\FileHandler' driver.
CRITICAL - 2022-05-19 11:42:25 --> Too few arguments to function App\Models\EquipmentsModel::searchequipment(), 10 passed in C:\xampp\htdocs\ProjectCongNghePhanMem\app\Controllers\Equipment.php on line 60 and exactly 11 expected
#0 C:\xampp\htdocs\ProjectCongNghePhanMem\app\Controllers\Equipment.php(60): App\Models\EquipmentsModel->searchequipment('', '', '', '', '', '', '', '', '', '')
#1 C:\xampp\htdocs\ProjectCongNghePhanMem\vendor\codeigniter4\framework\system\CodeIgniter.php(824): App\Controllers\Equipment->searchequipment()
#2 C:\xampp\htdocs\ProjectCongNghePhanMem\vendor\codeigniter4\framework\system\CodeIgniter.php(410): CodeIgniter\CodeIgniter->runController(Object(App\Controllers\Equipment))
#3 C:\xampp\htdocs\ProjectCongNghePhanMem\vendor\codeigniter4\framework\system\CodeIgniter.php(318): CodeIgniter\CodeIgniter->handleRequest(NULL, Object(Config\Cache), false)
#4 C:\xampp\htdocs\ProjectCongNghePhanMem\public\index.php(37): CodeIgniter\CodeIgniter->run()
#5 {main}
INFO - 2022-05-19 11:42:49 --> Session: Class initialized using 'CodeIgniter\Session\Handlers\FileHandler' driver.
INFO - 2022-05-19 11:42:49 --> Session: Class initialized using 'CodeIgniter\Session\Handlers\FileHandler' driver.
CRITICAL - 2022-05-19 11:42:49 --> Too few arguments to function App\Models\EquipmentsModel::searchequipment(), 10 passed in C:\xampp\htdocs\ProjectCongNghePhanMem\app\Controllers\Equipment.php on line 60 and exactly 11 expected
#0 C:\xampp\htdocs\ProjectCongNghePhanMem\app\Controllers\Equipment.php(60): App\Models\EquipmentsModel->searchequipment('', '', '', '', '', '', '', '', '', '')
#1 C:\xampp\htdocs\ProjectCongNghePhanMem\vendor\codeigniter4\framework\system\CodeIgniter.php(824): App\Controllers\Equipment->searchequipment()
#2 C:\xampp\htdocs\ProjectCongNghePhanMem\vendor\codeigniter4\framework\system\CodeIgniter.php(410): CodeIgniter\CodeIgniter->runController(Object(App\Controllers\Equipment))
#3 C:\xampp\htdocs\ProjectCongNghePhanMem\vendor\codeigniter4\framework\system\CodeIgniter.php(318): CodeIgniter\CodeIgniter->handleRequest(NULL, Object(Config\Cache), false)
#4 C:\xampp\htdocs\ProjectCongNghePhanMem\public\index.php(37): CodeIgniter\CodeIgniter->run()
#5 {main}
